<?xml version="1.0" encoding="UTF-8"?>
<!-- Generated by org.testng.reporters.JUnitReportReporter -->
<testsuite hostname="LP-13" name="Functional_Scenarios.QuickTour" tests="1" failures="0" timestamp="26 Aug 2015 06:46:18 GMT" time="46.193" errors="0">
  <testcase name="skipQuickTour" time="46.193" classname="Functional_Scenarios.QuickTour"/>
</testsuite> <!-- Functional_Scenarios.QuickTour -->
