<?xml version="1.0" encoding="UTF-8"?>
<!-- Generated by org.testng.reporters.JUnitReportReporter -->
<testsuite hostname="LP-13" name="Functional_Scenarios.LocationScenarios" tests="1" failures="0" timestamp="26 Aug 2015 10:50:31 GMT" time="59.247" errors="0">
  <testcase name="unavailableCitiesPopUpConfirmation" time="59.247" classname="Functional_Scenarios.LocationScenarios"/>
</testsuite> <!-- Functional_Scenarios.LocationScenarios -->
