<?xml version="1.0" encoding="UTF-8"?>
<!-- Generated by org.testng.reporters.JUnitReportReporter -->
<testsuite hostname="LP-13" name="Functional_Scenarios.SearchScenarios" tests="1" failures="0" timestamp="31 Aug 2015 12:50:06 GMT" time="90.550" errors="0">
  <testcase name="executeTestCase" time="90.550" classname="Functional_Scenarios.SearchScenarios"/>
</testsuite> <!-- Functional_Scenarios.SearchScenarios -->
