<?xml version="1.0" encoding="UTF-8"?>
<!-- Generated by org.testng.reporters.JUnitReportReporter -->
<testsuite hostname="LP-13" name="Functional_Scenarios.ProductDetailsScenarios" tests="1" failures="0" timestamp="3 Sep 2015 07:46:52 GMT" time="100.888" errors="0">
  <testcase name="productFeaturesDetails" time="100.888" classname="Functional_Scenarios.ProductDetailsScenarios"/>
</testsuite> <!-- Functional_Scenarios.ProductDetailsScenarios -->
